<?xml version="1.0" encoding="UTF-8"?>
<testng-results ignored="0" total="1" passed="1" failed="0" skipped="0">
  <reporter-output>
  </reporter-output>
  <suite started-at="2022-08-03T20:56:58 IST" name="Surefire suite" finished-at="2022-08-03T20:56:58 IST" duration-ms="258">
    <groups>
    </groups>
    <test started-at="2022-08-03T20:56:58 IST" name="Surefire test" finished-at="2022-08-03T20:56:58 IST" duration-ms="258">
      <class name="Selemvn.MavenP2.AppTest">
        <test-method signature="shouldAnswerWithTrue()" started-at="2022-08-03T20:56:58 IST" name="shouldAnswerWithTrue" finished-at="2022-08-03T20:56:58 IST" duration-ms="15" status="PASS">
          <reporter-output>
          </reporter-output>
        </test-method> <!-- shouldAnswerWithTrue -->
      </class> <!-- Selemvn.MavenP2.AppTest -->
    </test> <!-- Surefire test -->
  </suite> <!-- Surefire suite -->
</testng-results>
