<?xml version="1.0" encoding="UTF-8"?>
<!-- Generated by org.testng.reporters.JUnitXMLReporter -->
<testsuite ignored="0" hostname="DESKTOP-58S81VR" failures="0" tests="4" name="Test" time="0.12" errors="0" timestamp="2022-08-03T21:26:31 IST">
  <testcase classname="Selemvn.MavenP2.STest" name="Browseratm" time="0.011"/>
  <testcase classname="Selemvn.MavenP2.STest" name="elementUi" time="0.003"/>
  <testcase classname="Selemvn.MavenP2.S2Test" name="Browseratm2" time="0.001"/>
  <testcase classname="Selemvn.MavenP2.S2Test" name="elementUi2" time="0.003"/>
</testsuite> <!-- Test -->
